2025-12-11 14:39:43 - DEBUG - ==========スクレイピング開始============
2025-12-11 14:39:45 - DEBUG - A_政治経済学部 のシラバスにアクセスしています。
2025-12-11 14:39:47 - DEBUG - 政経 の科目インデックスを取得中です。
2025-12-11 14:39:52 - DEBUG - 総科目数: 1300 実行時間: 6.206343 秒

2025-12-11 14:39:52 - DEBUG - A_政治経済学部 をフォーマットしています。
2025-12-11 14:40:29 - DEBUG - ==========スクレイピング開始============
2025-12-11 14:40:30 - DEBUG - A_政治経済学部 のシラバスにアクセスしています。
2025-12-11 14:40:32 - DEBUG - 政経 の科目インデックスを取得中です。
2025-12-11 14:40:36 - DEBUG - 総科目数: 1300 実行時間: 6.240265 秒

2025-12-11 14:40:36 - DEBUG - A_政治経済学部 をフォーマットしています。
2025-12-11 14:40:40 - DEBUG - A_政治経済学部 の科目データを作成しています。

2025-12-11 14:40:40 - DEBUG - B_法学部 のシラバスにアクセスしています。
2025-12-11 14:40:42 - DEBUG - 法学 の科目インデックスを取得中です。
2025-12-11 14:41:18 - DEBUG - ==========スクレイピング開始============
2025-12-11 14:41:18 - DEBUG - A_政治経済学部 のシラバスにアクセスしています。
2025-12-11 14:41:20 - DEBUG - 政経 の科目インデックスを取得中です。
2025-12-11 14:41:24 - DEBUG - 総科目数: 1300 実行時間: 5.829729 秒

2025-12-11 14:41:24 - DEBUG - A_政治経済学部 をフォーマットしています。
2025-12-11 14:41:28 - DEBUG - A_政治経済学部 の科目データを作成しています。

2025-12-11 14:41:28 - DEBUG - B_法学部 のシラバスにアクセスしています。
2025-12-11 14:41:30 - DEBUG - 法学 の科目インデックスを取得中です。
2025-12-11 14:41:34 - DEBUG - 総科目数: 1402 実行時間: 5.295851 秒

2025-12-11 14:41:34 - DEBUG - B_法学部 をフォーマットしています。
2025-12-11 14:41:38 - DEBUG - B_法学部 の科目データを作成しています。

2025-12-11 14:41:38 - ERROR - Error processing row(subject_data): ['', '2026', 'LAWB311S', '主専攻法学演習(民法)  A (春)', 'シュセンコウホウガクエンシュウ(ミンポウ)A(ハル)', '青木 則幸', 'アオキノリユキ', '法学', '', '', '', '', '教室未定', 'この授業では、(1)判例百選に掲載されている判例(民法財産法の全範囲を、......', 'https://www.wsl.waseda.jp/syllabus/JAA104.php?pKey=1200007B110120261200007B1112&pLng=jp'] - string index out of range
2025-12-11 14:41:38 - ERROR - Error processing row(subject_data): ['', '2026', 'LAWB311S', '主専攻法学演習(民法)  B (春)', 'シュセンコウホウガクエンシュウ(ミンポウ)B(ハル)', '秋山 靖浩', 'アキヤマヤスヒロ', '法学', '', '', '', '', '教室未定', '民法の解釈上および制度上の重要問題を詳しく検討します。解釈論の能力の養成......', 'https://www.wsl.waseda.jp/syllabus/JAA104.php?pKey=1200007B110220261200007B1112&pLng=jp'] - string index out of range
2025-12-11 14:41:38 - ERROR - Error processing row(subject_data): ['', '2026', 'LAWB311S', '主専攻法学演習(民法)  C (春)', 'シュセンコウホウガクエンシュウ(ミンポウ)C(ハル)', '石田 剛', 'イシダツヨシ', '法学', '', '', '', '', '教室未定', '', 'https://www.wsl.waseda.jp/syllabus/JAA104.php?pKey=1200007B110320261200007B1112&pLng=jp'] - string index out of range
2025-12-11 14:41:38 - ERROR - Error processing row(subject_data): ['', '2026', 'LAWB311S', '主専攻法学演習(民法)  D (春)', 'シュセンコウホウガクエンシュウ(ミンポウ)D(ハル)', '橋本 有生', 'ハシモトユウセイ', '法学', '', '', '', '', '教室未定', 'この演習では、家族法の重要な論点について考えていきます。前期は、家族法の教......', 'https://www.wsl.waseda.jp/syllabus/JAA104.php?pKey=1200007B110420261200007B1112&pLng=jp'] - string index out of range
2025-12-11 14:41:38 - ERROR - Error processing row(subject_data): ['', '2026', 'LAWB311S', '主専攻法学演習(民法)  F (春)', 'シュセンコウホウガクエンシュウ(ミンポウ)F(ハル)', '大澤 慎太郎', 'オオサワシンタロウ', '法学', '', '', '', '', '教室未定', '本ゼミの特徴は、民法のあるテーマについて、基礎理論から現実の法運用までを網......', 'https://www.wsl.waseda.jp/syllabus/JAA104.php?pKey=1200007B110620261200007B1112&pLng=jp'] - string index out of range
2025-12-11 14:41:38 - ERROR - Error processing row(subject_data): ['', '2026', 'LAWB311S', '主専攻法学演習(民法)  G (春)', 'シュセンコウホウガクエンシュウ(ミンポウ)G(ハル)', '大場 浩之', 'オオバヒロユキ', '法学', '', '', '', '', '教室未定', 'この授業は、対面で行われる。原則として複数学年混合の複数のグループを形成......', 'https://www.wsl.waseda.jp/syllabus/JAA104.php?pKey=1200007B110720261200007B1112&pLng=jp'] - string index out of range
2025-12-11 14:41:38 - ERROR - Error processing row(subject_data): ['', '2026', 'LAWB311S', '主専攻法学演習(民法)  I (春)', 'シュセンコウホウガクエンシュウ(ミンポウ)I(ハル)', '白石 大', 'シライシオオ', '法学', '', '', '', '', '教室未定', '民法(主に財産編)に関する重要問題について深く学びます。自分たちで問題を発......', 'https://www.wsl.waseda.jp/syllabus/JAA104.php?pKey=1200007B110920261200007B1112&pLng=jp'] - string index out of range
2025-12-11 14:41:38 - ERROR - Error processing row(subject_data): ['', '2026', 'LAWB311S', '主専攻法学演習(民法)  L (春)', 'シュセンコウホウガクエンシュウ(ミンポウ)L(ハル)', '三枝 健治', 'サンシケンジ', '法学', '', '', '', '', '教室未定', '本演習では、民法の基礎知識が既にあることを前提に、近時の判決例や論稿の検......', 'https://www.wsl.waseda.jp/syllabus/JAA104.php?pKey=1200007B111220261200007B1112&pLng=jp'] - string index out of range
2025-12-11 14:41:38 - ERROR - Error processing row(subject_data): ['', '2026', 'LAWB311S', '主専攻法学演習(民法)  O (春)', 'シュセンコウホウガクエンシュウ(ミンポウ)O(ハル)', '山城 一真', 'ヤマシロカズマ', '法学', '', '', '', '', '教室未定', '事例問題の検討を通じて、民法解釈学の基本的な知識と技法を修得することを目......', 'https://www.wsl.waseda.jp/syllabus/JAA104.php?pKey=1200007B111520261200007B1112&pLng=jp'] - string index out of range
2025-12-11 14:41:38 - ERROR - Error processing row(subject_data): ['', '2026', 'LAWB311S', '主専攻法学演習(民法)  Q (春)', 'シュセンコウホウガクエンシュウ(ミンポウ)Q(ハル)', '平野 裕之', 'ヒラノヒロユキ', '法学', '', '', '', '', '教室未定', '本ゼミ(演習)は30年を超える伝統のあるゼミであり、いわゆる法曹ゼミとして法......', 'https://www.wsl.waseda.jp/syllabus/JAA104.php?pKey=1200007B111720261200007B1112&pLng=jp'] - string index out of range
2025-12-11 14:41:38 - ERROR - Error processing row(subject_data): ['', '2026', 'LAWB311S', '主専攻法学演習(民法)  U (春)', 'シュセンコウホウガクエンシュウ(ミンポウ)U(ハル)', '山口 斉昭', 'ヤマグチナリアキ', '法学', '', '', '', '', '教室未定', '原則として最新の判例を検討する。当該年度の重要判例解説などで取り上げられて......', 'https://www.wsl.waseda.jp/syllabus/JAA104.php?pKey=1200007B112120261200007B1112&pLng=jp'] - string index out of range
2025-12-11 14:41:38 - ERROR - Error processing row(subject_data): ['', '2026', 'LAWG311S', '主専攻法学演習(民法・環境法) (春)', 'シュセンコウホウガクエンシュウ(ミンポウ・カンキョウホウ)(ハル)', '大塚 直', 'オオツカジカ', '法学', '', '', '', '', '教室未定', 'この演習では、前半は不法行為を中心とする民法財産法の問題について、文献及......', 'https://www.wsl.waseda.jp/syllabus/JAA104.php?pKey=1200007B210120261200007B2112&pLng=jp'] - string index out of range
2025-12-11 14:41:38 - ERROR - Error processing row(subject_data): ['', '2026', 'LAWB331S', '主専攻法学演習(民事訴訟法)  A (春)', 'シュセンコウホウガクエンシュウ(ミンジソショウホウ)A(ハル)', '高田 昌宏', 'タカダマサヒロ', '法学', '', '', '', '', '教室未定', '民事訴訟法の判決手続を主な対象とします。民事訴訟法の基本となる判例やそれを......', 'https://www.wsl.waseda.jp/syllabus/JAA104.php?pKey=1200007B310120261200007B3112&pLng=jp'] - string index out of range
2025-12-11 14:41:38 - ERROR - Error processing row(subject_data): ['', '2026', 'LAWB331S', '主専攻法学演習(民事訴訟法)  B (春)', 'シュセンコウホウガクエンシュウ(ミンジソショウホウ)B(ハル)', '内田 義厚', 'ウチダヨシアツ', '法学', '', '', '', '', '教室未定', '※この科目は当該授業内容に関する実務の経験を有する教員等がその実務経験を活......', 'https://www.wsl.waseda.jp/syllabus/JAA104.php?pKey=1200007B310220261200007B3112&pLng=jp'] - string index out of range
2025-12-11 14:41:38 - ERROR - Error processing row(subject_data): ['', '2026', 'LAWB311S', '主専攻法学演習(民事訴訟法)  C (春)', 'シュセンコウホウガクエンシュウ(ミンジソショウホウ)C(ハル)', '渡部 美由紀', 'ワタナベミユキ', '法学', '', '', '', '', '教室未定', '民事訴訟法に関する基本問題について、判例や論文等を素材として、グループで報......', 'https://www.wsl.waseda.jp/syllabus/JAA104.php?pKey=1200007B310320261200007B3112&pLng=jp'] - string index out of range
2025-12-11 14:41:38 - ERROR - Error processing row(subject_data): ['', '2026', 'LAWB331S', '主専攻法学演習(民事訴訟法)  D (春)', 'シュセンコウホウガクエンシュウ(ミンジソショウホウ)D(ハル)', '勅使川原 和彦', 'テシガワラカズヒコ', '法学', '', '', '', '', '教室未定', '前期は、基本事項についての私の講義ないし上級生の報告発表をしばらく行ない......', 'https://www.wsl.waseda.jp/syllabus/JAA104.php?pKey=1200007B310420261200007B3112&pLng=jp'] - string index out of range
2025-12-11 14:41:38 - ERROR - Error processing row(subject_data): ['', '2026', 'LAWB331S', '主専攻法学演習(民事訴訟法)  G (春)', 'シュセンコウホウガクエンシュウ(ミンジソショウホウ)G(ハル)', '山本 研', 'ヤマモトケン', '法学', '', '', '', '', '教室未定', '民事訴訟の対象となる紛争は、「売買契約成立の要件は何か」、「損害賠償のた......', 'https://www.wsl.waseda.jp/syllabus/JAA104.php?pKey=1200007B310720261200007B3112&pLng=jp'] - string index out of range
2025-12-11 14:41:38 - ERROR - Error processing row(subject_data): ['', '2026', 'LAWB331S', '主専攻法学演習(民事訴訟法)  H (春)', 'シュセンコウホウガクエンシュウ(ミンジソショウホウ)H(ハル)', '松村 和徳', 'マツムラカズノリ', '法学', '', '', '', '', '教室未定', '本演習の授業内容は、民事訴訟法に関する基本問題(既判力、弁論主義など)につ......', 'https://www.wsl.waseda.jp/syllabus/JAA104.php?pKey=1200007B310820261200007B3112&pLng=jp'] - string index out of range
2025-12-11 14:41:38 - ERROR - Error processing row(subject_data): ['', '2026', 'LAWB331S', '主専攻法学演習(民事訴訟法)  I (春)', 'シュセンコウホウガクエンシュウ(ミンジソショウホウ)I(ハル)', '中本 香織', 'ナカモトカオリ', '法学', '', '', '', '', '教室未定', '民事訴訟法の判例や事例問題を題材にして、文献調査・報告(プレゼン)・議論を......', 'https://www.wsl.waseda.jp/syllabus/JAA104.php?pKey=1200007B310920261200007B3112&pLng=jp'] - string index out of range
2025-12-11 14:41:38 - ERROR - Error processing row(subject_data): ['', '2026', 'LAWB331S', '主専攻法学演習(民事訴訟法)  J (春)', 'シュセンコウホウガクエンシュウ(ミンジソショウホウ)J(ハル)', '菅原 郁夫', 'スガワライクオ', '法学', '', '', '', '', '教室未定', '民事訴訟の基礎理論を判例の学習を通じて身につける。演習では、個々の報告者が......', 'https://www.wsl.waseda.jp/syllabus/JAA104.php?pKey=1200007B311020261200007B3112&pLng=jp'] - string index out of range
2025-12-11 14:41:38 - ERROR - Error processing row(subject_data): ['', '2026', 'LAWB331S', '主専攻法学演習(国際民事訴訟法) (春)', 'シュセンコウホウガクエンシュウ(コクサイミンジソショウホウ)(ハル)', '勅使川原 和彦', 'テシガワラカズヒコ', '法学', '', '', '', '', '教室未定', '・主として民事訴訟法学の視点から、「民事裁判権の免除」「国際司法共助」「国......', 'https://www.wsl.waseda.jp/syllabus/JAA104.php?pKey=1200007B510120261200007B5112&pLng=jp'] - string index out of range
2025-12-11 14:41:38 - ERROR - Error processing row(subject_data): ['', '2026', 'LAWB331S', '主専攻法学演習(倒産法)  A (春)', 'シュセンコウホウガクエンシュウ(トウサンホウ)A(ハル)', '山本 研', 'ヤマモトケン', '法学', '', '', '', '', '教室未定', '「倒産」は、現代においてはもはや特別な現象ではなく、資本主義競争経済におけ......', 'https://www.wsl.waseda.jp/syllabus/JAA104.php?pKey=1200007B610120261200007B6112&pLng=jp'] - string index out of range
2025-12-11 14:41:38 - ERROR - Error processing row(subject_data): ['', '2026', 'LAWB331S', '主専攻法学演習(倒産法)  B (春)', 'シュセンコウホウガクエンシュウ(トウサンホウ)B(ハル)', '棚橋 洋平', 'タナハシヨウヘイ', '法学', '', '', '', '', '教室未定', '倒産状態を放置することは望ましくありません。そこで、倒産法が、その処理手続......', 'https://www.wsl.waseda.jp/syllabus/JAA104.php?pKey=1200007B610220261200007B6112&pLng=jp'] - string index out of range
2025-12-11 14:41:38 - ERROR - Error processing row(subject_data): ['', '2026', 'LAWC321S', '主専攻法学演習(刑事法)  A (春)', 'シュセンコウホウガクエンシュウ(ケイジホウ)A(ハル)', '吉開 多一', 'ヨシカイタイチ', '法学', '', '', '', '', '教室未定', '【授業実施方法】対面講師の実務経験を踏まえて、少人数での具体的・実践的......', 'https://www.wsl.waseda.jp/syllabus/JAA104.php?pKey=1200007C110120261200007C1112&pLng=jp'] - string index out of range
2025-12-11 14:41:38 - ERROR - Error processing row(subject_data): ['', '2026', 'LAWC311S', '主専攻法学演習(刑事法)  B (春)', 'シュセンコウホウガクエンシュウ(ケイジホウ)B(ハル)', '大関 龍一', 'オオゼキリュウイチ', '法学', '', '', '', '', '教室未定', '', 'https://www.wsl.waseda.jp/syllabus/JAA104.php?pKey=1200007C110220261200007C1112&pLng=jp'] - string index out of range
2025-12-11 14:41:38 - ERROR - Error processing row(subject_data): ['', '2026', 'LAWC331S', '主専攻法学演習(刑事法)  C (春)', 'シュセンコウホウガクエンシュウ(ケイジホウ)C(ハル)', '酒巻 匡', 'サカマキタダシ', '法学', '', '', '', '', '教室未定', '指定教科書『刑事訴訟法判例百選』に掲載された刑事訴訟法の解釈・適用に関す......', 'https://www.wsl.waseda.jp/syllabus/JAA104.php?pKey=1200007C110320261200007C1112&pLng=jp'] - string index out of range
2025-12-11 14:41:38 - ERROR - Error processing row(subject_data): ['', '2026', 'LAWC311S', '主専攻法学演習(刑事法)  D (春)', 'シュセンコウホウガクエンシュウ(ケイジホウ)D(ハル)', '北川 佳世子', 'キタガワカヨコ', '法学', '', '', '', '', '教室未定', '〇本授業では、刑事裁判例等を素材とした事例問題を使用して、刑法理論を具体的......', 'https://www.wsl.waseda.jp/syllabus/JAA104.php?pKey=1200007C110420261200007C1112&pLng=jp'] - string index out of range
2025-12-11 14:41:38 - ERROR - Error processing row(subject_data): ['', '2026', 'LAWC321S', '主専攻法学演習(刑事法)  E (春)', 'シュセンコウホウガクエンシュウ(ケイジホウ)E(ハル)', '小西 暁和', 'コニシアカツキワ', '法学', '', '', '', '', '教室未定', '(A)まず、本演習では、(a)共同研究と(b)個別研究を行うことになる。春......', 'https://www.wsl.waseda.jp/syllabus/JAA104.php?pKey=1200007C110520261200007C1112&pLng=jp'] - string index out of range
2025-12-11 14:41:38 - ERROR - Error processing row(subject_data): ['', '2026', 'LAWC311S', '主専攻法学演習(刑事法)  F (春)', 'シュセンコウホウガクエンシュウ(ケイジホウ)F(ハル)', '田山 聡美', 'タヤマサトミ', '法学', '', '', '', '', '教室未定', '各回、報告担当者を決めて、その報告をベースに全員で議論を行うことを予定して......', 'https://www.wsl.waseda.jp/syllabus/JAA104.php?pKey=1200007C110620261200007C1112&pLng=jp'] - string index out of range
2025-12-11 14:41:38 - ERROR - Error processing row(subject_data): ['', '2026', 'LAWC331S', '主専攻法学演習(刑事法)  G (春)', 'シュセンコウホウガクエンシュウ(ケイジホウ)G(ハル)', '大澤 裕', 'オオサワヒロシ', '法学', '', '', '', '', '教室未定', '刑事訴訟法に関わる基本的で重要な問題をピックアップし検討する。判例を主たる......', 'https://www.wsl.waseda.jp/syllabus/JAA104.php?pKey=1200007C110720261200007C1112&pLng=jp'] - string index out of range
2025-12-11 14:41:38 - ERROR - Error processing row(subject_data): ['', '2026', 'LAWC331S', '主専攻法学演習(刑事法)  J (春)', 'シュセンコウホウガクエンシュウ(ケイジホウ)J(ハル)', '稗田 雅洋', 'ヒエタマサヒロ', '法学', '', '', '', '', '教室未定', '※この科目は当該授業内容に関する実務の経験を有する教員等がその実務経験を活......', 'https://www.wsl.waseda.jp/syllabus/JAA104.php?pKey=1200007C111020261200007C1112&pLng=jp'] - string index out of range
2025-12-11 14:41:38 - ERROR - Error processing row(subject_data): ['', '2026', 'LAWC311S', '主専攻法学演習(刑事法)  L (春)', 'シュセンコウホウガクエンシュウ(ケイジホウ)L(ハル)', '松澤 伸', 'マツザワシン', '法学', '', '', '', '', '教室未定', '刑法解釈論についての演習です。刑法総論(犯罪論)及び刑法各論をテ-マとし......', 'https://www.wsl.waseda.jp/syllabus/JAA104.php?pKey=1200007C111220261200007C1112&pLng=jp'] - string index out of range
2025-12-11 14:41:38 - ERROR - Error processing row(subject_data): ['', '2026', 'LAWC311S', '主専攻法学演習(刑事法)  M (春)', 'シュセンコウホウガクエンシュウ(ケイジホウ)M(ハル)', '松原 芳博', 'マツバラヨシヒロ', '法学', '', '', '', '', '教室未定', '刑事の重要問題について理解を深め、あわせて論理的思考力、表現力の訓練を行......', 'https://www.wsl.waseda.jp/syllabus/JAA104.php?pKey=1200007C111320261200007C1112&pLng=jp'] - string index out of range
2025-12-11 14:41:38 - ERROR - Error processing row(subject_data): ['', '2026', 'LAWC331S', '主専攻法学演習(刑事法)  P (春)', 'シュセンコウホウガクエンシュウ(ケイジホウ)P(ハル)', '小川 佳樹', 'オガワヨシキ', '法学', '', '', '', '', '教室未定', 'この授業では、ゼミ形式で、刑事訴訟法の基本問題の検討を行います。', 'https://www.wsl.waseda.jp/syllabus/JAA104.php?pKey=1200007C111620261200007C1112&pLng=jp'] - string index out of range
2025-12-11 14:41:38 - ERROR - Error processing row(subject_data): ['', '2026', 'LAWC311S', '主専攻法学演習(刑事法)  Q (春)', 'シュセンコウホウガクエンシュウ(ケイジホウ)Q(ハル)', '杉本 一敏', 'スギモトカズトシ', '法学', '', '', '', '', '教室未定', '刑法総論・各論の重要論点に関する判例、又は、最新の判例等を素材にして、報告......', 'https://www.wsl.waseda.jp/syllabus/JAA104.php?pKey=1200007C111720261200007C1112&pLng=jp'] - string index out of range
2025-12-11 14:41:38 - ERROR - Error processing row(subject_data): ['', '2026', 'LAWE311S', '主専攻法学演習(国際法) B (春)', 'シュセンコウホウガクエンシュウ(コクサイホウ)B(ハル)', '古谷 修一', 'フルヤシュウイチ', '法学', '', '', '', '', '教室未定', 'この演習は、国際社会のさまざまな事象に対して、国際法がどのように機能して......', 'https://www.wsl.waseda.jp/syllabus/JAA104.php?pKey=1200007D110220261200007D1112&pLng=jp'] - string index out of range
2025-12-11 14:41:38 - ERROR - Error processing row(subject_data): ['', '2026', 'LAWE311S', '主専攻法学演習(国際法) C (春)', 'シュセンコウホウガクエンシュウ(コクサイホウ)C(ハル)', '萬歳 寛之', 'マンサイヒロユキ', '法学', '', '', '', '', '教室未定', '地球規模で対応すべき課題について国際法の観点から検討し、当該課題に日本がい......', 'https://www.wsl.waseda.jp/syllabus/JAA104.php?pKey=1200007D110320261200007D1112&pLng=jp'] - string index out of range
2025-12-11 14:41:38 - ERROR - Error processing row(subject_data): ['', '2026', 'LAWE321S', '主専攻法学演習(国際私法) A (春)', 'シュセンコウホウガクエンシュウ(コクサイシホウ)A(ハル)', '白木 敦士', 'シロキアツシ', '法学', '', '', '', '', '教室未定', '本演習は、米国ロースクールにおける「リーガル・クリニック」をモデルとしてい......', 'https://www.wsl.waseda.jp/syllabus/JAA104.php?pKey=1200007D310120261200007D3112&pLng=jp'] - string index out of range
2025-12-11 14:41:38 - ERROR - Error processing row(subject_data): ['', '2026', 'LAWE321S', '主専攻法学演習(国際私法) B (春)', 'シュセンコウホウガクエンシュウ(コクサイシホウ)B(ハル)', '種村 佑介', 'タネムラユウスケ', '法学', '', '', '', '', '教室未定', '<演習の概要>  私人間の国境を越えた法律関係を規律する国際私法(抵触法......', 'https://www.wsl.waseda.jp/syllabus/JAA104.php?pKey=1200007D310220261200007D3112&pLng=jp'] - string index out of range
2025-12-11 14:41:38 - ERROR - Error processing row(subject_data): ['', '2026', 'LAWE381S', '主専攻法学演習(国際取引法) A (春)', 'シュセンコウホウガクエンシュウ(コクサイトリヒキホウ)A(ハル)', '久保田 隆', 'クボタタカシ', '法学', '', '', '', '', '教室未定', '本演習では、グローバルな視野を持ち、幅広い分野で「法」を武器に世界をリ......', 'https://www.wsl.waseda.jp/syllabus/JAA104.php?pKey=1200007D410120261200007D4112&pLng=jp'] - string index out of range
2025-12-11 14:41:38 - ERROR - Error processing row(subject_data): ['', '2026', 'LAWE311S', '主専攻法学演習(国際経済法) (春)', 'シュセンコウホウガクエンシュウ(コクサイケイザイホウ)(ハル)', '酒井 啓亘', 'サカイケイワタル', '法学', '', '', '', '', '教室未定', 'この演習では国際貿易法、特に世界貿易機関(WTO)が規律する様々な分野におけ......', 'https://www.wsl.waseda.jp/syllabus/JAA104.php?pKey=1200007D510120261200007D5112&pLng=jp'] - string index out of range
2025-12-11 14:41:38 - ERROR - Error processing row(subject_data): ['', '2026', 'LAWE381S', '主専攻法学演習(国際関係法) (春)', 'シュセンコウホウガクエンシュウ(コクサイカンケイホウ)(ハル)', '河野 真理子', 'コウノマリコ', '法学', '', '', '', '', '教室未定', '様々な問題を生みつつ、日々変化している国際社会に生きているものには、国際問......', 'https://www.wsl.waseda.jp/syllabus/JAA104.php?pKey=1200007D710120261200007D7112&pLng=jp'] - string index out of range
2025-12-11 14:41:38 - ERROR - Error processing row(subject_data): ['', '2026', 'LAWE381S', '主専攻法学演習(国際ビジネス法) (春)', 'シュセンコウホウガクエンシュウ(コクサイビジネスホウ)(ハル)', '浜辺 陽一郎', 'ハマベヨウイチロウ', '法学', '', '', '', '', '教室未定', '当ゼミは、本来は法科大学院で行われるべき授業を先取りして演習形式で行うも......', 'https://www.wsl.waseda.jp/syllabus/JAA104.php?pKey=1200007D810120261200007D8112&pLng=jp'] - string index out of range
2025-12-11 14:41:38 - ERROR - Error processing row(subject_data): ['', '2026', 'LAWA311S', '主専攻法学演習(憲法)  B (春)', 'シュセンコウホウガクエンシュウ(ケンポウ)B(ハル)', '金澤 孝', 'カナザワコウ', '法学', '', '', '', '', '教室未定', '本演習は、参加者の皆さんが各自関心を持っている憲法問題について、より広く......', 'https://www.wsl.waseda.jp/syllabus/JAA104.php?pKey=1200007E110220261200007E1112&pLng=jp'] - string index out of range
2025-12-11 14:41:38 - ERROR - Error processing row(subject_data): ['', '2026', 'LAWA311S', '主専攻法学演習(憲法)  C (春)', 'シュセンコウホウガクエンシュウ(ケンポウ)C(ハル)', '江原 勝行', 'エバラカツユキ', '法学', '', '', '', '', '教室未定', 'この授業は,憲法学上の諸問題を素材として実施される演習科目である。授業の......', 'https://www.wsl.waseda.jp/syllabus/JAA104.php?pKey=1200007E110320261200007E1112&pLng=jp'] - string index out of range
2025-12-11 14:41:38 - ERROR - Error processing row(subject_data): ['', '2026', 'LAWA311S', '主専攻法学演習(憲法)  E (春)', 'シュセンコウホウガクエンシュウ(ケンポウ)E(ハル)', '山本 真敬', 'ヤマモトマタカシ', '法学', '', '', '', '', '教室未定', '本演習は、憲法に関する問題を、グループごとに報告してもらい、報告者と教員・......', 'https://www.wsl.waseda.jp/syllabus/JAA104.php?pKey=1200007E110520261200007E1112&pLng=jp'] - string index out of range
2025-12-11 14:41:38 - ERROR - Error processing row(subject_data): ['', '2026', 'LAWA311S', '主専攻法学演習(憲法)  F (春)', 'シュセンコウホウガクエンシュウ(ケンポウ)F(ハル)', '愛敬 浩二', 'アイキョウコウジ', '法学', '', '', '', '', '教室未定', '講義で修得した憲法の基礎知識に関する理解を、基本判例や新しい問題の検討を通......', 'https://www.wsl.waseda.jp/syllabus/JAA104.php?pKey=1200007E110620261200007E1112&pLng=jp'] - string index out of range
2025-12-11 14:41:38 - ERROR - Error processing row(subject_data): ['', '2026', 'LAWA381S', '主専攻法学演習(教育法) (春)', 'シュセンコウホウガクエンシュウ(キョウイクホウ)(ハル)', '斎藤 一久', 'サイトウカズヒサ', '法学', '', '', '', '', '教室未定', '教育を法的観点からアプローチすることを通じて、教育について探求する。教育法......', 'https://www.wsl.waseda.jp/syllabus/JAA104.php?pKey=1200007E210120261200007E2112&pLng=jp'] - string index out of range
2025-12-11 14:41:38 - ERROR - Error processing row(subject_data): ['', '2026', 'LAWA321S', '主専攻法学演習(行政法)  A (春)', 'シュセンコウホウガクエンシュウ(ギョウセイホウ)A(ハル)', '岡田 正則', 'オカダセイソク', '法学', '', '', '', '', '教室未定', '最近の行政事件の最高裁判決を検討することによって、「人権」が現実の社会に......', 'https://www.wsl.waseda.jp/syllabus/JAA104.php?pKey=1200007E310120261200007E3112&pLng=jp'] - string index out of range
2025-12-11 14:41:38 - ERROR - Error processing row(subject_data): ['', '2026', 'LAWA321S', '主専攻法学演習(行政法)  B (春)', 'シュセンコウホウガクエンシュウ(ギョウセイホウ)B(ハル)', '人見 剛', 'ヒトミツヨシ', '法学', '', '', '', '', '教室未定', '春学期は判例研究、秋学期は自由課題研究。春学期の判例研究は、最新ないし......', 'https://www.wsl.waseda.jp/syllabus/JAA104.php?pKey=1200007E310220261200007E3112&pLng=jp'] - string index out of range
2025-12-11 14:41:38 - ERROR - Error processing row(subject_data): ['', '2026', 'LAWA321S', '主専攻法学演習(行政法)  C (春)', 'シュセンコウホウガクエンシュウ(ギョウセイホウ)C(ハル)', '下山 憲治', 'ゲザンケンジ', '法学', '', '', '', '', '教室未定', '行政法の重要なテーマについて、グループ報告とそれに基づく質疑・応答、議論を......', 'https://www.wsl.waseda.jp/syllabus/JAA104.php?pKey=1200007E310320261200007E3112&pLng=jp'] - string index out of range
2025-12-11 14:41:38 - ERROR - Error processing row(subject_data): ['', '2026', 'LAWA321S', '主専攻法学演習(行政法)  D (春)', 'シュセンコウホウガクエンシュウ(ギョウセイホウ)D(ハル)', '田村 達久', 'タムラトオルキュウ', '法学', '', '', '', '', '教室未定', '日本の行政法学上の重要なテーマに関して、グループ報告とそれに基づく議論を......', 'https://www.wsl.waseda.jp/syllabus/JAA104.php?pKey=1200007E310420261200007E3112&pLng=jp'] - string index out of range
2025-12-11 14:41:38 - ERROR - Error processing row(subject_data): ['', '2026', 'LAWG341S', '主専攻法学演習(租税法)A (春)', 'シュセンコウホウガクエンシュウ(ソゼイホウ)A(ハル)', '渡辺 徹也', 'ワタナベテツヤ', '法学', '', '', '', '', '教室未定', '授業の内容は、受講生の意見を尊重して決めます。授業計画だけでなく、例えばレ......', 'https://www.wsl.waseda.jp/syllabus/JAA104.php?pKey=1200007E510120261200007E5112&pLng=jp'] - string index out of range
2025-12-11 14:41:38 - ERROR - Error processing row(subject_data): ['', '2026', 'LAWB321S', '主専攻法学演習(商法)  A (春)', 'シュセンコウホウガクエンシュウ(ショウホウ)A(ハル)', '小出 篤', 'コイデアツシ', '法学', '', '', '', '', '教室未定', 'この演習では、現代のビジネスにおけるさまざまな法的問題を題材にディベート形......', 'https://www.wsl.waseda.jp/syllabus/JAA104.php?pKey=1200007F110120261200007F1112&pLng=jp'] - string index out of range
2025-12-11 14:41:38 - ERROR - Error processing row(subject_data): ['', '2026', 'LAWB321S', '主専攻法学演習(商法)  C (春)', 'シュセンコウホウガクエンシュウ(ショウホウ)C(ハル)', '大塚 英明', 'オオツカヒデアキ', '法学', '', '', '', '', '教室未定', '1991年のいわゆるバブル崩壊依頼、あるいは、さらにその後のリーマンショック......', 'https://www.wsl.waseda.jp/syllabus/JAA104.php?pKey=1200007F110320261200007F1112&pLng=jp'] - string index out of range
2025-12-11 14:41:38 - ERROR - Error processing row(subject_data): ['', '2026', 'LAWB321S', '主専攻法学演習(商法)  E (春)', 'シュセンコウホウガクエンシュウ(ショウホウ)E(ハル)', '尾形 祥', 'オガタサチ', '法学', '', '', '', '', '教室未定', '本演習は、会社法に関連する判例およびそれをベースとした事例問題の検討を通......', 'https://www.wsl.waseda.jp/syllabus/JAA104.php?pKey=1200007F110520261200007F1112&pLng=jp'] - string index out of range
2025-12-11 14:41:38 - ERROR - Error processing row(subject_data): ['', '2026', 'LAWB321S', '主専攻法学演習(商法)  G (春)', 'シュセンコウホウガクエンシュウ(ショウホウ)G(ハル)', '黒沼 悦郎', 'クロヌマエツロウ', '法学', '', '', '', '', '教室未定', '会社法に関する事例演習問題や判例を取り上げて、研究する。参加者の希望をき......', 'https://www.wsl.waseda.jp/syllabus/JAA104.php?pKey=1200007F110720261200007F1112&pLng=jp'] - string index out of range
2025-12-11 14:41:38 - ERROR - Error processing row(subject_data): ['', '2026', 'LAWB321S', '主専攻法学演習(商法)  H (春)', 'シュセンコウホウガクエンシュウ(ショウホウ)H(ハル)', '柴崎 暁', 'シバザキアカツキ', '法学', '', '', '', '', '教室未定', '金融取引によって発生した債権を決済する手法として、集中清算仲介者〔Central ......', 'https://www.wsl.waseda.jp/syllabus/JAA104.php?pKey=1200007F110820261200007F1112&pLng=jp'] - string index out of range
2025-12-11 14:41:38 - ERROR - Error processing row(subject_data): ['', '2026', 'LAWB321S', '主専攻法学演習(商法)  I (春)', 'シュセンコウホウガクエンシュウ(ショウホウ)I(ハル)', '鳥山 恭一', 'トリヤマキョウイチ', '法学', '', '', '', '', '教室未定', '本ゼミは企業法を対象にしており、具体的には、会社法を中心にした企業組織法......', 'https://www.wsl.waseda.jp/syllabus/JAA104.php?pKey=1200007F110920261200007F1112&pLng=jp'] - string index out of range
2025-12-11 14:41:38 - ERROR - Error processing row(subject_data): ['', '2026', 'LAWB321S', '主専攻法学演習(商法) J (春)', 'シュセンコウホウガクエンシュウ(ショウホウ)J(ハル)', '小倉 健裕', 'オグラケンヒロシ', '法学', '', '', '', '', '教室未定', '帝国データバンク「2024 年「新設法人」動向調査」によれば、2024年中に新規設......', 'https://www.wsl.waseda.jp/syllabus/JAA104.php?pKey=1200007F111020261200007F1112&pLng=jp'] - string index out of range
2025-12-11 14:41:38 - ERROR - Error processing row(subject_data): ['', '2026', 'LAWB321S', '主専攻法学演習(商法)  K (春)', 'シュセンコウホウガクエンシュウ(ショウホウ)K(ハル)', '箱井 崇史', 'バコイタカシ', '法学', '', '', '', '', '教室未定', 'このゼミでは、商法に関して近時の裁判例などに現れた重要問題について研究し......', 'https://www.wsl.waseda.jp/syllabus/JAA104.php?pKey=1200007F111120261200007F1112&pLng=jp'] - string index out of range
2025-12-11 14:41:38 - ERROR - Error processing row(subject_data): ['', '2026', 'LAWB321S', '主専攻法学演習(商法) M (春)', 'シュセンコウホウガクエンシュウ(ショウホウ)M(ハル)', '福島 洋尚', 'フクシマヒロシナオ', '法学', '', '', '', '', '教室未定', 'この演習は、商法の中でも特に「会社法」に関する重要問題を検討します。会社法......', 'https://www.wsl.waseda.jp/syllabus/JAA104.php?pKey=1200007F111320261200007F1112&pLng=jp'] - string index out of range
2025-12-11 14:41:38 - ERROR - Error processing row(subject_data): ['', '2026', 'LAWB321S', '主専攻法学演習(商法) N (春)', 'シュセンコウホウガクエンシュウ(ショウホウ)N(ハル)', '若林 泰伸', 'ワカバヤシタイシン', '法学', '', '', '', '', '教室未定', 'このゼミでは、金融商品取引法を中心とする資本市場法制やそれと密接に関係す......', 'https://www.wsl.waseda.jp/syllabus/JAA104.php?pKey=1200007F111420261200007F1112&pLng=jp'] - string index out of range
2025-12-11 14:41:38 - ERROR - Error processing row(subject_data): ['', '2026', 'LAWB321S', '主専攻法学演習(海商法) (春)', 'シュセンコウホウガクエンシュウ(カイショウホウ)(ハル)', '箱井 崇史', 'バコイタカシ', '法学', '', '', '', '', '教室未定', '「海商法」といっても、2年生のみなさんにはイメ-ジがわかないかもしれませ......', 'https://www.wsl.waseda.jp/syllabus/JAA104.php?pKey=1200007F210120261200007F2112&pLng=jp'] - string index out of range
2025-12-11 14:41:38 - ERROR - Error processing row(subject_data): ['', '2026', 'LAWB321S', '主専攻法学演習(保険法) (春)', 'シュセンコウホウガクエンシュウ(ホケンホウ)(ハル)', '大塚 英明', 'オオツカヒデアキ', '法学', '', '', '', '', '教室未定', '殺人事件の陰に「保険」あり。昨今、親でさえ子供に「保険を掛けて」殺すよう......', 'https://www.wsl.waseda.jp/syllabus/JAA104.php?pKey=1200007F310120261200007F3112&pLng=jp'] - string index out of range
2025-12-11 14:41:38 - ERROR - Error processing row(subject_data): ['', '2026', 'LAWG331S', '主専攻法学演習(経済法)  A (春)', 'シュセンコウホウガクエンシュウ(ケイザイホウ)A(ハル)', '岡田 外司博', 'オカダソトツカサヒロシ', '法学', '', '', '', '', '教室未定', '独占禁止法に関する重要な判決を取り上げ、これを様々な観点から検討すること......', 'https://www.wsl.waseda.jp/syllabus/JAA104.php?pKey=1200007F410120261200007F4112&pLng=jp'] - string index out of range
2025-12-11 14:41:38 - ERROR - Error processing row(subject_data): ['', '2026', 'LAWG331S', '主専攻法学演習(経済法)  B (春)', 'シュセンコウホウガクエンシュウ(ケイザイホウ)B(ハル)', '中里 浩', 'ナカサトヒロシ', '法学', '', '', '', '', '教室未定', '皆さんの中には、独占禁止法というと、公正取引委員会と一部の大手企業法務部・......', 'https://www.wsl.waseda.jp/syllabus/JAA104.php?pKey=1200007F410220261200007F4112&pLng=jp'] - string index out of range
2025-12-11 14:41:38 - ERROR - Error processing row(subject_data): ['', '2026', 'LAWG321S', '主専攻法学演習(知的財産権法)B (春)', 'シュセンコウホウガクエンシュウ(チテキザイサンケンホウ)B(ハル)', '上野 達弘', 'ウエノタツヒロ', '法学', '', '', '', '', '教室未定', '著作権法を中心とする知的財産法に関する現実の事件をテーマとして、原告3人×......', 'https://www.wsl.waseda.jp/syllabus/JAA104.php?pKey=1200007F610220261200007F6112&pLng=jp'] - string index out of range
2025-12-11 14:41:38 - ERROR - Error processing row(subject_data): ['', '2026', 'LAWG321S', '主専攻法学演習(知的財産権法)C (春)', 'シュセンコウホウガクエンシュウ(チテキザイサンケンホウ)C(ハル)', '鈴木 將文', 'スズキ將文', '法学', '', '', '', '', '教室未定', '本科目は、知的財産法を学ぶ学部演習である。対象は、知的財産法全般とし、具体......', 'https://www.wsl.waseda.jp/syllabus/JAA104.php?pKey=1200007F610320261200007F6112&pLng=jp'] - string index out of range
2025-12-11 14:41:38 - ERROR - Error processing row(subject_data): ['', '2026', 'LAWG311S', '主専攻法学演習(環境法) (春)', 'シュセンコウホウガクエンシュウ(カンキョウホウ)(ハル)', '森本 英香', 'モリモトエイコウ', '法学', '', '', '', '', '教室未定', '今や環境対策は社会の成長の基盤となっています。とりわけCN(カーボンニュート......', 'https://www.wsl.waseda.jp/syllabus/JAA104.php?pKey=1200007F630120261200007F6312&pLng=jp'] - string index out of range
2025-12-11 14:41:38 - ERROR - Error processing row(subject_data): ['', '2026', 'LAWF311S', '主専攻法学演習(労働法)  B (春)', 'シュセンコウホウガクエンシュウ(ロウドウホウ)B(ハル)', '水町 勇一郎', 'ミズマチユウイチロウ', '法学', '', '', '', '', '教室未定', '労働法とは「働くこと」に関する法である。労働法は皆さんの日常生活に深くか......', 'https://www.wsl.waseda.jp/syllabus/JAA104.php?pKey=1200007F710220261200007F7112&pLng=jp'] - string index out of range
2025-12-11 14:41:38 - ERROR - Error processing row(subject_data): ['', '2026', 'LAWF311S', '主専攻法学演習(労働法)  C (春)', 'シュセンコウホウガクエンシュウ(ロウドウホウ)C(ハル)', '竹内 寿', 'タケウチジュ', '法学', '', '', '', '', '教室未定', '【授業実施方法:対面で実施】  多くの人は,大部分の時間を,働いて,とりわ......', 'https://www.wsl.waseda.jp/syllabus/JAA104.php?pKey=1200007F710320261200007F7112&pLng=jp'] - string index out of range
2025-12-11 14:41:39 - ERROR - Error processing row(subject_data): ['', '2026', 'LAWF321S', '主専攻法学演習(社会保障法) (春)', 'シュセンコウホウガクエンシュウ(シャカイホショウホウ)(ハル)', '菊池 馨実', 'キクチカオルジツ', '法学', '', '', '', '', '教室未定', '社会保障法を対象とし、年金、医療、介護、子ども・子育て支援、障害者福祉、......', 'https://www.wsl.waseda.jp/syllabus/JAA104.php?pKey=1200007G110120261200007G1112&pLng=jp'] - string index out of range
2025-12-11 14:41:39 - ERROR - Error processing row(subject_data): ['', '2026', 'LAWD341S', '主専攻法学演習(法社会学)  B (春)', 'シュセンコウホウガクエンシュウ(ホウシャカイガク)B(ハル)', '高村 学人', 'コウムラガクジン', '法学', '', '', '', '', '教室未定', '本ゼミは、岐阜県の飛騨高山をフィールドに、不動産の継承問題に関するフィー......', 'https://www.wsl.waseda.jp/syllabus/JAA104.php?pKey=1200007G200220261200007G2012&pLng=jp'] - string index out of range
2025-12-11 14:41:39 - ERROR - Error processing row(subject_data): ['', '2026', 'LAWD331S', '主専攻法学演習(法哲学) (春)', 'シュセンコウホウガクエンシュウ(ホウテツガク)(ハル)', '郭 舜', 'カクシュン', '法学', '', '', '', '', '教室未定', '法とは何か、正義とは何か。 我々は法に従う義務を負うのか、それはナチスの法......', 'https://www.wsl.waseda.jp/syllabus/JAA104.php?pKey=1200007G350120261200007G3512&pLng=jp'] - string index out of range
2025-12-11 14:41:39 - ERROR - Error processing row(subject_data): ['', '2026', 'LAWD321S', '主専攻法学演習(日本法史) (春)', 'シュセンコウホウガクエンシュウ(ニッポンホウシ)(ハル)', '和仁 かや', 'ワニカヤ', '法学', '', '', '', '', '教室未定', '', 'https://www.wsl.waseda.jp/syllabus/JAA104.php?pKey=1200007G410120261200007G4112&pLng=jp'] - string index out of range
2025-12-11 14:41:39 - ERROR - Error processing row(subject_data): ['', '2026', 'LAWD321S', '主専攻法学演習(ローマ法) (春)', 'シュセンコウホウガクエンシュウ(ローマホウ)(ハル)', '宮坂 渉', 'ミヤサカワタル', '法学', '', '', '', '', '教室未定', 'この科目のシラバスを目にしているということは、法制史なりローマ法なりに何......', 'https://www.wsl.waseda.jp/syllabus/JAA104.php?pKey=1200007G460120261200007G4612&pLng=jp'] - string index out of range
2025-12-11 14:41:39 - ERROR - Error processing row(subject_data): ['', '2026', 'LAWD311S', '主専攻法学演習(現代中国法) (春)', 'シュセンコウホウガクエンシュウ(ゲンダイチュウゴクホウ)(ハル)', '文 元春', 'ブンモトハル', '法学', '', '', '', '', '教室未定', 'この授業は対面により実施します。この授業では、近年、中国内外で注目されてい......', 'https://www.wsl.waseda.jp/syllabus/JAA104.php?pKey=1200007G510120261200007G5112&pLng=jp'] - string index out of range
2025-12-11 14:41:39 - ERROR - Error processing row(subject_data): ['', '2026', 'LAWD321S', '主専攻法学演習(西洋法史) (春)', 'シュセンコウホウガクエンシュウ(セイヨウホウシ)(ハル)', '藤野 奈津子', 'フジノナツコ', '法学', '', '', '', '', '教室未定', '明治期の法継受を通じ日本法に強い影響を与えることとなる西洋法、とりわけヨー......', 'https://www.wsl.waseda.jp/syllabus/JAA104.php?pKey=1200007G530120261200007G5312&pLng=jp'] - string index out of range
2025-12-11 14:41:39 - ERROR - Error processing row(subject_data): ['', '2026', 'LAWD311S', '主専攻法学演習(フランス法) (春)', 'シュセンコウホウガクエンシュウ(フランスホウ)(ハル)', '大橋 麻也', 'オオハシマヤ', '法学', '', '', '', '', '教室未定', 'フランスは、近代日本が手本とした国のひとつですが、今日の日本とフランスは......', 'https://www.wsl.waseda.jp/syllabus/JAA104.php?pKey=1200007G590120261200007G5912&pLng=jp'] - string index out of range
2025-12-11 14:41:39 - ERROR - Error processing row(subject_data): ['', '2026', 'LAWD311S', '主専攻法学演習(英米・EU法)  A (春)', 'シュセンコウホウガクエンシュウ(エイベイ・イーユーホウ)A(ハル)', '中村 民雄', 'ナカムラタミオ', '法学', '', '', '', '', '教室未定', 'このゼミは、「外から見た日本法―英米法・EU法との比較の中で日本法を考える―」......', 'https://www.wsl.waseda.jp/syllabus/JAA104.php?pKey=1200007G610120261200007G6112&pLng=jp'] - string index out of range
2025-12-11 14:41:39 - ERROR - Error processing row(subject_data): ['', '2026', 'LAWD311S', '主専攻法学演習(ロシア・東中欧法) (春)', 'シュセンコウホウガクエンシュウ(ロシア・ヒガシチュウオウホウ)(ハル)', '渋谷 謙次郎', 'シブヤケンジロウ', '法学', '', '', '', '', '教室未定', '本演習は、参加者の興味や関心をふまえたうえで、関連する文献や資料(特段の希......', 'https://www.wsl.waseda.jp/syllabus/JAA104.php?pKey=1200007G660120261200007G6612&pLng=jp'] - string index out of range
2025-12-11 14:41:39 - DEBUG - E_教育学部 のシラバスにアクセスしています。
2025-12-11 14:41:40 - DEBUG - 教育 の科目インデックスを取得中です。
2025-12-11 14:41:48 - DEBUG - 総科目数: 2299 実行時間: 9.771185 秒

2025-12-11 14:41:48 - DEBUG - E_教育学部 をフォーマットしています。
2025-12-11 14:41:55 - DEBUG - E_教育学部 の科目データを作成しています。

2025-12-11 14:41:56 - DEBUG - F_商学部 のシラバスにアクセスしています。
2025-12-11 14:41:57 - DEBUG - 商学 の科目インデックスを取得中です。
2025-12-11 14:42:00 - DEBUG - 総科目数: 1144 実行時間: 4.751014 秒

2025-12-11 14:42:00 - DEBUG - F_商学部 をフォーマットしています。
2025-12-11 14:42:04 - DEBUG - F_商学部 の科目データを作成しています。

2025-12-11 14:42:04 - DEBUG - H_社会科学部 のシラバスにアクセスしています。
2025-12-11 14:42:05 - DEBUG - 社学 の科目インデックスを取得中です。
2025-12-11 14:42:07 - DEBUG - 総科目数: 945 実行時間: 3.506834 秒

2025-12-11 14:42:07 - DEBUG - H_社会科学部 をフォーマットしています。
2025-12-11 14:42:10 - DEBUG - H_社会科学部 の科目データを作成しています。

2025-12-11 14:42:10 - DEBUG - J_人間科学部 のシラバスにアクセスしています。
2025-12-11 14:42:11 - DEBUG - 人科 の科目インデックスを取得中です。
2025-12-11 14:42:14 - DEBUG - 総科目数: 999 実行時間: 3.227411 秒

2025-12-11 14:42:14 - DEBUG - J_人間科学部 をフォーマットしています。
2025-12-11 14:42:17 - DEBUG - J_人間科学部 の科目データを作成しています。

2025-12-11 14:42:17 - DEBUG - K_スポーツ科学部 のシラバスにアクセスしています。
2025-12-11 14:42:18 - DEBUG - スポーツ の科目インデックスを取得中です。
2025-12-11 14:42:19 - DEBUG - 総科目数: 608 実行時間: 2.812813 秒

2025-12-11 14:42:19 - DEBUG - K_スポーツ科学部 をフォーマットしています。
2025-12-11 14:42:21 - DEBUG - K_スポーツ科学部 の科目データを作成しています。

2025-12-11 14:42:21 - DEBUG - M_国際教養学部 のシラバスにアクセスしています。
2025-12-11 14:42:23 - DEBUG - 国際教養 の科目インデックスを取得中です。
2025-12-11 14:42:25 - DEBUG - 総科目数: 735 実行時間: 3.145144 秒

2025-12-11 14:42:25 - DEBUG - M_国際教養学部 をフォーマットしています。
2025-12-11 14:42:27 - DEBUG - M_国際教養学部 の科目データを作成しています。

2025-12-11 14:42:27 - DEBUG - T_文化構想学部 のシラバスにアクセスしています。
2025-12-11 14:42:28 - DEBUG - 文構 の科目インデックスを取得中です。
2025-12-11 14:42:35 - DEBUG - 総科目数: 2121 実行時間: 8.453237 秒

2025-12-11 14:42:35 - DEBUG - T_文化構想学部 をフォーマットしています。
2025-12-11 14:42:41 - DEBUG - T_文化構想学部 の科目データを作成しています。

2025-12-11 14:42:41 - DEBUG - U_文学部 のシラバスにアクセスしています。
2025-12-11 14:42:42 - DEBUG - 文 の科目インデックスを取得中です。
2025-12-11 14:42:48 - DEBUG - 総科目数: 1995 実行時間: 6.724143 秒

2025-12-11 14:42:48 - DEBUG - U_文学部 をフォーマットしています。
2025-12-11 14:42:54 - DEBUG - U_文学部 の科目データを作成しています。

2025-12-11 14:42:54 - DEBUG - W_基幹理工学部 のシラバスにアクセスしています。
2025-12-11 14:42:55 - DEBUG - 基幹 の科目インデックスを取得中です。
2025-12-11 14:43:01 - DEBUG - 総科目数: 1874 実行時間: 7.486775 秒

2025-12-11 14:43:01 - DEBUG - W_基幹理工学部 をフォーマットしています。
2025-12-11 14:43:07 - DEBUG - W_基幹理工学部 の科目データを作成しています。

2025-12-11 14:43:07 - DEBUG - X_創造理工学部 のシラバスにアクセスしています。
2025-12-11 14:43:08 - DEBUG - 創造 の科目インデックスを取得中です。
2025-12-11 14:43:12 - DEBUG - 総科目数: 1477 実行時間: 5.530758 秒

2025-12-11 14:43:12 - DEBUG - X_創造理工学部 をフォーマットしています。
2025-12-11 14:43:17 - DEBUG - X_創造理工学部 の科目データを作成しています。

2025-12-11 14:43:17 - DEBUG - Y_先進理工学部 のシラバスにアクセスしています。
2025-12-11 14:43:18 - DEBUG - 先進 の科目インデックスを取得中です。
2025-12-11 14:43:24 - DEBUG - 総科目数: 1756 実行時間: 7.090224 秒

2025-12-11 14:43:24 - DEBUG - Y_先進理工学部 をフォーマットしています。
2025-12-11 14:43:30 - DEBUG - Y_先進理工学部 の科目データを作成しています。

2025-12-11 14:43:30 - DEBUG - G_GEC のシラバスにアクセスしています。
2025-12-11 14:43:31 - DEBUG - グローバル の科目インデックスを取得中です。
2025-12-11 14:43:50 - DEBUG - 総科目数: 3266 実行時間: 19.726096 秒

2025-12-11 14:43:50 - DEBUG - G_GEC をフォーマットしています。
2025-12-11 14:44:05 - DEBUG - G_GEC の科目データを作成しています。

2025-12-11 14:44:06 - DEBUG - 総実行時間: 167.953533 秒
2025-12-11 14:44:06 - DEBUG - ==========スクレイピング完了==========
